Performing C SOURCE FILE Test CMAKE_HAVE_LIBC_PTHREAD failed with the following output:
Change Dir: /home/sonichka/Documents/here_we_go_again/с-2/C-IZ2_spring/cmake-build-debug/CMakeFiles/CMakeTmp

Run Build Command(s):/snap/clion/184/bin/ninja/linux/ninja cmTC_81c7d && [1/2] Building C object CMakeFiles/cmTC_81c7d.dir/src.c.o
[2/2] Linking C executable cmTC_81c7d
FAILED: cmTC_81c7d 
: && /usr/bin/cc --coverage  CMakeFiles/cmTC_81c7d.dir/src.c.o -o cmTC_81c7d   && :
/usr/bin/ld: CMakeFiles/cmTC_81c7d.dir/src.c.o: in function `main':
src.c:(.text+0x6a): undefined reference to `pthread_create'
/usr/bin/ld: src.c:(.text+0x88): undefined reference to `pthread_detach'
/usr/bin/ld: src.c:(.text+0xa6): undefined reference to `pthread_cancel'
/usr/bin/ld: src.c:(.text+0xc9): undefined reference to `pthread_join'
collect2: error: ld returned 1 exit status
ninja: build stopped: subcommand failed.


Source file was:
#include <pthread.h>

static void* test_func(void* data)
{
  return data;
}

int main(void)
{
  pthread_t thread;
  pthread_create(&thread, NULL, test_func, NULL);
  pthread_detach(thread);
  pthread_cancel(thread);
  pthread_join(thread, NULL);
  pthread_atfork(NULL, NULL, NULL);
  pthread_exit(NULL);

  return 0;
}

Determining if the function pthread_create exists in the pthreads failed with the following output:
Change Dir: /home/sonichka/Documents/here_we_go_again/с-2/C-IZ2_spring/cmake-build-debug/CMakeFiles/CMakeTmp

Run Build Command(s):/snap/clion/184/bin/ninja/linux/ninja cmTC_234eb && [1/2] Building C object CMakeFiles/cmTC_234eb.dir/CheckFunctionExists.c.o
[2/2] Linking C executable cmTC_234eb
FAILED: cmTC_234eb 
: && /usr/bin/cc --coverage -DCHECK_FUNCTION_EXISTS=pthread_create  CMakeFiles/cmTC_234eb.dir/CheckFunctionExists.c.o -o cmTC_234eb  -lpthreads && :
/usr/bin/ld: cannot find -lpthreads
collect2: error: ld returned 1 exit status
ninja: build stopped: subcommand failed.



